2022-11-17 13:33:44 | Ctibor | Student was deleyed
2022-11-17 13:33:47 | Ahoj | Student was deleyed
2022-11-17 13:39:22 | Jozko | Student was deleyed
2022-11-17 13:39:24 | Jozko | Student was deleyed
2022-11-17 13:39:27 | ctibor | Student was deleyed
2022-11-17 13:39:32 | ctibor | Student was deleyed
2022-11-17 13:41:21 | ctibor | Student was deleyed
2022-11-17 13:42:48 | Jozko | Student was deleyed
2022-11-17 13:42:57 | Ctibor | Student was deleyed
2022-11-17 13:43:33 | 1 | Student was deleyed
2022-11-17 13:43:39 | 1 | Student was deleyed
2022-11-17 13:43:45 | 1 | Student was deleyed
2022-11-17 13:43:50 | 1 | Student was deleyed
2022-11-17 13:47:31 | Ctibor | Student was deleyed
2022-11-17 13:47:43 | Ctibor | Student was deleyed
2022-11-17 13:47:47 | Ctibor | Student was deleyed
2022-11-17 13:48:43 | Ctibor | Student was deleyed
2022-11-17 13:49:31 | Ctibor | Student was deleyed
2022-11-17 13:49:47 | ctibor | Student was deleyed
2022-11-17 13:49:51 | ctibor | Student was deleyed
2022-11-17 13:50:04 | ctibor | Student was deleyed
2022-11-17 13:50:09 | crioe | Student was deleyed
2022-11-17 13:50:29 | crioe | Student was deleyed
2022-11-17 13:50:34 | ctibor | Student was deleyed
2022-11-17 13:50:49 | ctibor | Student was deleyed
2022-11-17 13:50:54 | Jozko | Student was deleyed
2022-11-17 13:51:00 | ctibor | Student was deleyed
2022-11-17 13:51:56 | Ctibor | Student was deleyed
2022-11-17 07:42:00 | Ctibor | 
2022-11-18 09:07:22 | Ctibor | Student was deleyed
2022-11-18 09:09:51 | jk | Student was deleyed
2022-11-18 09:14:46 | ctibor | Student was deleyed
2022-11-18 09:15:10 | ctibor | Student was deleyed
2022-11-18 09:15:40 | ctibor | Student was deleyed
2022-11-18 09:15:51 | adam | Student was deleyed
2022-11-18 09:17:13 | ctibor | Student was deleyed
2022-11-18 09:17:26 | ctibor | Student was deleyed
2022-11-18 09:17:30 | adam | Student was deleyed
2022-11-18 09:17:58 | Ctibor | Student was deleyed
2022-11-18 09:18:00 | Adam | Student was deleyed
2022-11-18 09:18:16 | klk | Student was deleyed
2022-11-18 09:18:59 | lkolk | Student was deleyed
2022-11-18 09:19:07 | kjnkj | Student was deleyed
2022-11-18 09:21:07 | ctibor | Student was deleyed
2022-11-18 09:21:11 | jkj | Student was deleyed
2022-11-18 09:21:35 | ctibor | Student was deleyed
2022-11-18 09:22:55 | ctibor | Student was deleyed
2022-11-18 09:22:58 | bij | Student was deleyed
2022-11-18 09:26:59 | ctobor | Student was deleyed
2022-11-18 09:27:02 | kk | Student was deleyed
2022-11-18 09:27:41 | cois | Student was deleyed
2022-11-18 09:28:07 | ctibor | Student was deleyed
2022-11-18 09:28:09 | ahoj | Student was deleyed
2022-11-18 09:28:21 | ctibor | Student was deleyed
2022-11-18 09:28:28 | moje meno | Student was deleyed
2022-11-18 09:29:01 | ctibor | Student was deleyed
2022-11-18 09:29:12 | adam | Student was deleyed
2022-11-18 09:29:14 | moj | Student was deleyed
2022-11-18 09:30:18 | lk | Student was deleyed
2022-11-18 09:30:31 | sad | Student was deleyed
2022-11-18 09:31:50 | cas | Student was deleyed
2022-11-18 09:32:45 | ano | Student was deleyed
2022-11-18 09:33:23 | j | Student was deleyed
2022-11-18 09:33:29 | ki | Student was deleyed
2022-11-18 09:33:33 | koj | Student was deleyed
2022-11-18 09:33:37 | koj | Student was deleyed
2022-11-18 09:34:03 | kj | Student was deleyed
2022-11-18 09:34:12 | lk | Student was deleyed
2022-11-18 09:34:51 | ctior | Student was deleyed
2022-11-18 09:35:06 | ctibor | Student was deleyed
2022-11-18 09:35:33 | ctibor | Student was deleyed
2022-11-18 09:35:37 | adam | Student was deleyed
2022-11-18 09:35:54 | jozef | Student was deleyed
2022-11-18 09:36:12 | franc | Student was deleyed
2022-11-18 09:39:12 | ctibos | Student was deleyed
2022-11-18 09:39:14 | sda | Student was deleyed
2022-11-18 09:39:53 | s | Student was deleyed
2022-11-18 09:41:18 | s | Student was deleyed
2022-11-18 09:41:21 | sad | Student was deleyed
2022-11-18 09:41:22 | asdadsa | Student was deleyed
2022-11-18 09:41:55 | csa | Student was deleyed
2022-11-18 09:42:54 | csa | Student was deleyed
2022-11-18 09:42:57 | Ctibor | Student was deleyed
2022-11-18 09:42:59 | Adam | Student was deleyed
2022-11-18 09:43:01 | Jozef | Student was deleyed
2022-11-18 09:43:04 | Slávo | Student was deleyed
2022-11-18 09:57:23 | ctibor | Student was deleyed
2022-11-18 09:57:24 | ctibor | Student was deleyed
2022-11-18 09:58:41 | ctibor | Student was deleyed
2022-11-18 09:58:43 | adam | Student was deleyed
2022-11-18 10:00:36 | ctiv | Student was deleyed
2022-11-18 10:00:38 | cs | Student was deleyed
2022-11-18 10:01:51 | csa | Student was deleyed
2022-11-18 10:02:03 | anna | Student was deleyed
2022-11-18 10:02:05 | annas | Student was deleyed
2022-11-18 10:04:24 | Ctibor | Student was deleyed
2022-11-18 10:04:27 | Adam | Student was deleyed
2022-11-18 10:04:29 | Neviem | Student was deleyed
2022-11-18 10:06:34 | ctibor | Student was deleyed
2022-11-18 10:06:36 | adam | Student was deleyed
2022-11-18 10:06:37 | jozef | Student was deleyed
2022-11-18 10:06:40 | neviem | Student was deleyed
2022-11-18 10:14:49 | Ahoj | 2022-11-18 10:15:07 | Ctibor | Student was deleyed
2022-11-18 10:15:09 | Ahoj | Student was deleyed
2022-11-18 10:15:11 | Mojemeno | Student was deleyed
2022-11-18 10:17:48 | ano | 2022-11-18 10:18:03 | ano | 2022-11-18 10:19:42 | adam | 2022-11-18 10:20:40 | ctibor | 2022-11-18 10:21:06 | ctibor | 2022-11-18 10:21:26 | ctibor | 2022-11-18 10:21:41 | sda | 2022-11-18 10:24:54 | csa | 2022-11-18 10:26:02 | ac | 2022-11-18 10:26:28 | cas | Student was deleyed
2022-11-18 10:26:30 | ahoj | Student was deleyed
2022-11-18 10:26:55 | ac | 2022-11-18 10:27:22 | ano | Student was deleyed
2022-11-18 10:27:23 | nie | Student was deleyed
2022-11-18 10:27:28 | No ano | Student was deleyed
2022-11-18 10:28:24 | Ctbior | Student was deleyed
2022-11-18 10:28:43 | Ctibor | Student was deleyed
